\BOOKMARK [0][-]{chapter.1}{\376\377\116\026\165\114\227\000\211\201\137\256\171\357\122\006}{}% 1
\BOOKMARK [1][-]{section.1.1}{\376\377\137\256\171\357\122\006\146\057\143\317\217\360\175\057\171\357\221\317\124\214\123\330\123\026\163\207\217\331\116\052\121\163\174\373\166\204\213\355\212\000}{chapter.1}% 2
\BOOKMARK [1][-]{section.1.2}{\376\377\137\256\171\357\122\006\146\057\133\371\137\256\122\006\000-\171\357\122\006\121\163\174\373\120\132\220\073\217\221\217\320\173\227\166\204\213\355\212\000}{chapter.1}% 3
\BOOKMARK [1][-]{section.1.3}{\376\377\137\256\171\357\122\006\131\202\117\125\137\000\134\125\170\024\172\166\124\214\213\241\173\227\040\024\040\024\145\340\172\167\134\017}{chapter.1}% 4
\BOOKMARK [1][-]{section.1.4}{\376\377\227\000\211\201\137\256\171\357\122\006\166\204\121\166\116\326\121\170\127\213\127\072\146\157}{chapter.1}% 5
\BOOKMARK [1][-]{section.1.5}{\376\377\137\256\171\357\122\006\123\321\134\125\176\277\215\357\126\376}{chapter.1}% 6
\BOOKMARK [1][-]{section.1.6}{\376\377\147\054\172\340\134\017\176\323}{chapter.1}% 7
\BOOKMARK [1][-]{section.1.7}{\376\377\143\250\203\120\226\005\213\373\147\120\145\231}{chapter.1}% 8
\BOOKMARK [1][-]{section.1.8}{\376\377\117\134\116\032}{chapter.1}% 9
\BOOKMARK [0][-]{chapter.2}{\376\377\133\236\145\160}{}% 10
\BOOKMARK [1][-]{section.2.1}{\376\377\226\306\124\010\213\272}{chapter.2}% 11
\BOOKMARK [1][-]{section.2.2}{\376\377\116\316\145\164\145\160\122\060\133\236\145\160}{chapter.2}% 12
\BOOKMARK [1][-]{section.2.3}{\376\377\133\236\145\160\146\057\116\052\217\307\172\013\116\345\123\312\147\201\226\120\166\204\147\064\175\040\140\035\140\363}{chapter.2}% 13
\BOOKMARK [1][-]{section.2.4}{\376\377\133\236\145\160\166\204\121\154\164\006\123\026\133\232\116\111\124\214\145\160\133\146\123\161\147\072}{chapter.2}% 14
\BOOKMARK [1][-]{section.2.5}{\376\377\147\011\165\114\226\306\124\010\147\011\170\156\165\114}{chapter.2}% 15
\BOOKMARK [1][-]{section.2.6}{\376\377\143\250\203\120\226\005\213\373\147\120\145\231}{chapter.2}% 16
\BOOKMARK [1][-]{section.2.7}{\376\377\117\134\116\032}{chapter.2}% 17
\BOOKMARK [1][-]{section.2.8}{\376\377\147\054\172\340\134\017\176\323}{chapter.2}% 18
\BOOKMARK [0][-]{chapter.3}{\376\377\147\201\226\120}{}% 19
\BOOKMARK [1][-]{section.3.1}{\376\377\136\217\122\027\124\214\136\217\122\027\166\204\147\201\226\120}{chapter.3}% 20
\BOOKMARK [1][-]{section.3.2}{\376\377\145\340\172\167\134\017}{chapter.3}% 21
\BOOKMARK [1][-]{section.3.3}{\376\377\000C\000a\000u\000c\000h\000y\136\217\122\027\124\214\145\066\145\133\136\217\122\027}{chapter.3}% 22
\BOOKMARK [1][-]{section.3.4}{\376\377\123\072\225\364\131\127\133\232\164\006}{chapter.3}% 23
\BOOKMARK [1][-]{section.3.5}{\376\377\121\375\145\160\166\204\147\201\226\120\124\214\217\336\176\355\140\047}{chapter.3}% 24
\BOOKMARK [1][-]{section.3.6}{\376\377\143\250\203\120\226\005\213\373\147\120\145\231}{chapter.3}% 25
\BOOKMARK [1][-]{section.3.7}{\376\377\117\134\116\032}{chapter.3}% 26
\BOOKMARK [1][-]{section.3.8}{\376\377\147\054\172\340\134\017\176\323}{chapter.3}% 27
\BOOKMARK [0][-]{chapter.4}{\376\377\133\374\145\160}{}% 28
\BOOKMARK [1][-]{section.4.1}{\376\377\133\374\145\160\166\204\133\232\116\111}{chapter.4}% 29
\BOOKMARK [1][-]{section.4.2}{\376\377\232\330\226\066\133\374\145\160\166\204\133\232\116\111}{chapter.4}% 30
\BOOKMARK [1][-]{section.4.3}{\376\377\121\375\145\160\147\201\120\074\160\271\166\204\133\374\145\160}{chapter.4}% 31
\BOOKMARK [1][-]{section.4.4}{\376\377\116\015\133\232\171\357\122\006}{chapter.4}% 32
\BOOKMARK [1][-]{section.4.5}{\376\377\000L\000a\000g\000r\000a\000n\000g\000i\000a\000n\137\256\122\006\116\055\120\074\133\232\164\006}{chapter.4}% 33
\BOOKMARK [1][-]{section.4.6}{\376\377\116\015\133\232\171\357\122\006\166\204\211\343\147\220\213\241\173\227}{chapter.4}% 34
\BOOKMARK [1][-]{section.4.7}{\376\377\137\256\122\006\124\214\137\256\125\106}{chapter.4}% 35
\BOOKMARK [1][-]{section.4.8}{\376\377\143\250\203\120\226\005\213\373\147\120\145\231}{chapter.4}% 36
\BOOKMARK [1][-]{section.4.9}{\376\377\117\134\116\032}{chapter.4}% 37
\BOOKMARK [1][-]{section.4.10}{\376\377\147\054\172\340\134\017\176\323}{chapter.4}% 38
\BOOKMARK [0][-]{chapter.5}{\376\377\133\232\171\357\122\006}{}% 39
\BOOKMARK [1][-]{section.5.1}{\376\377\133\232\171\357\122\006\166\204\133\232\116\111}{chapter.5}% 40
\BOOKMARK [1][-]{section.5.2}{\376\377\133\232\171\357\122\006\166\204\145\160\120\074\213\241\173\227}{chapter.5}% 41
\BOOKMARK [1][-]{section.5.3}{\376\377\000N\000e\000w\000t\000o\000n\000-\000L\000e\000i\000b\000n\000i\000z\133\232\171\357\122\006\000-\116\015\133\232\171\357\122\006\121\163\174\373}{chapter.5}% 42
\BOOKMARK [1][-]{section.5.4}{\376\377\171\357\122\006\116\055\120\074\133\232\164\006}{chapter.5}% 43
\BOOKMARK [1][-]{section.5.5}{\376\377\143\250\203\120\226\005\213\373\147\120\145\231}{chapter.5}% 44
\BOOKMARK [1][-]{section.5.6}{\376\377\117\134\116\032}{chapter.5}% 45
\BOOKMARK [1][-]{section.5.7}{\376\377\147\054\172\340\134\017\176\323}{chapter.5}% 46
\BOOKMARK [0][-]{chapter.6}{\376\377\116\011\211\322\176\247\145\160}{}% 47
\BOOKMARK [1][-]{section.6.1}{\376\377\116\011\211\322\121\375\145\160\166\204\171\357\122\006\137\256\122\006\124\214\153\143\116\244\140\047}{chapter.6}% 48
\BOOKMARK [1][-]{section.6.2}{\376\377\121\375\145\160\166\204\116\011\211\322\121\375\145\160\176\247\145\160\134\125\137\000}{chapter.6}% 49
\BOOKMARK [1][-]{section.6.3}{\376\377\121\375\145\160\166\204\000F\000o\000u\000r\000i\000e\000r\176\247\145\160\134\125\137\000}{chapter.6}% 50
\BOOKMARK [1][-]{section.6.4}{\376\377\121\375\145\160\166\204\000F\000o\000u\000r\000i\000e\000r\123\330\143\142}{chapter.6}% 51
\BOOKMARK [1][-]{section.6.5}{\376\377\143\250\203\120\226\005\213\373\147\120\145\231}{chapter.6}% 52
\BOOKMARK [1][-]{section.6.6}{\376\377\117\134\116\032}{chapter.6}% 53
\BOOKMARK [1][-]{section.6.7}{\376\377\147\054\172\340\134\017\176\323}{chapter.6}% 54
\BOOKMARK [0][-]{chapter.7}{\376\377\173\200\123\125\137\256\122\006\145\271\172\013}{}% 55
\BOOKMARK [1][-]{section.7.1}{\376\377\137\256\122\006\145\271\172\013\166\204\133\232\116\111}{chapter.7}% 56
\BOOKMARK [1][-]{section.7.2}{\376\377\116\000\226\066\123\357\122\006\171\273\123\330\221\317\166\204\137\256\122\006\145\271\172\013}{chapter.7}% 57
\BOOKMARK [1][-]{section.7.3}{\376\377\116\214\226\066\136\070\174\373\145\160\237\120\153\041\137\256\122\006\145\271\172\013}{chapter.7}% 58
\BOOKMARK [1][-]{section.7.4}{\376\377\232\330\226\066\174\373\145\160\237\120\153\041\137\256\122\006\145\271\172\013}{chapter.7}% 59
\BOOKMARK [1][-]{section.7.5}{\376\377\137\256\122\006\145\271\172\013\145\160\120\074\154\102\211\343}{chapter.7}% 60
\BOOKMARK [1][-]{section.7.6}{\376\377\143\250\203\120\226\005\213\373\147\120\145\231}{chapter.7}% 61
\BOOKMARK [1][-]{section.7.7}{\376\377\117\134\116\032}{chapter.7}% 62
\BOOKMARK [1][-]{section.7.8}{\376\377\147\054\172\340\134\017\176\323}{chapter.7}% 63
\BOOKMARK [0][-]{chapter*.8}{\376\377\123\302\200\003\145\207\163\056}{}% 64
\BOOKMARK [0][-]{chapter*.8}{\376\377\143\322\126\376\166\356\137\125}{}% 65
\BOOKMARK [0][-]{chapter*.10}{\376\377\116\076\117\213\166\356\137\125}{}% 66
